// 同步 ID: a2442173 @ Fri Jun 19 19:27:33 UTC 2026
// 同步 ID: 005a8964 @ Sun Jun 21 11:25:06 UTC 2026
// 重构日志: 84460232
// 重构日志: bcb0eea7
// 同步 ID: 636e09d6 @ Sat Jun 27 09:17:08 UTC 2026
// 重构日志: 03af7405
// 重构日志: f2b43d05
// 重构日志: aa50f203
// 重构日志: 0e9cd54f
// 重构日志: b25b6fd7
// 重构日志: d2ab9b31
// 重构日志: f2e95f9b
// 同步 ID: ef427181 @ Sun Jul  5 20:18:35 UTC 2026
// 同步 ID: 8fa9e948 @ Mon Jul  6 14:34:31 UTC 2026
// 重构日志: bef89a03
// 同步 ID: 17c77615 @ Fri Jul 10 10:53:23 UTC 2026
// 重构日志: 7895c6de
// 同步 ID: 69031f8c @ Sun Jul 12 11:55:53 UTC 2026
// 重构日志: 4b6989b5
// 重构日志: b211b688
// 重构日志: 77ecda74
// 重构日志: 9ec7175c
// 重构日志: b2501bb0
// 同步 ID: 788b0b38 @ Tue Jul 14 11:07:31 UTC 2026
// 同步 ID: d0bb5a43 @ Tue Jul 14 17:34:56 UTC 2026
// 同步 ID: 655bbe8b @ Wed Jul 15 12:32:07 UTC 2026
// 重构日志: b7d6ad53
// 同步 ID: b0c6e004 @ Fri Jul 17 12:12:12 UTC 2026
// 同步 ID: 6af2b8de @ Sat Jul 18 01:46:59 UTC 2026
